Performing C SOURCE FILE Test HAVE_XINPUT_GAMEPAD_EX failed with the following output:
Change Dir: D:/Users/ppiglioni/projet6/out/build/x64-Debug/CMakeFiles/CMakeTmp

Run Build Command(s):C:/Program Files (x86)/Microsoft Visual Studio/2019/Community/Common7/IDE/CommonExtensions/Microsoft/CMake/Ninja/ninja.exe cmTC_bf769 && [1/2] Building C object CMakeFiles\cmTC_bf769.dir\src.c.obj
FAILED: CMakeFiles/cmTC_bf769.dir/src.c.obj 
C:\PROGRA~2\MICROS~2\2019\COMMUN~1\VC\Tools\MSVC\1429~1.301\bin\Hostx64\x64\cl.exe  /nologo -DHAVE_XINPUT_GAMEPAD_EX  /DWIN32 /D_WINDOWS /W3  /MDd /Zi /Ob0 /Od /RTC1 /showIncludes /FoCMakeFiles\cmTC_bf769.dir\src.c.obj /FdCMakeFiles\cmTC_bf769.dir\ /FS -c src.c
src.c(4): error C2061: erreur de syntaxe : identificateur 'x1'
src.c(4): error C2059: erreur de syntaxe : ';'
ninja: build stopped: subcommand failed.


Source file was:

      #include <windows.h>
      #include <xinput.h>
      XINPUT_GAMEPAD_EX x1;
      int main(int argc, char **argv) { }
Performing C SOURCE FILE Test HAVE_XINPUT_STATE_EX failed with the following output:
Change Dir: D:/Users/ppiglioni/projet6/out/build/x64-Debug/CMakeFiles/CMakeTmp

Run Build Command(s):C:/Program Files (x86)/Microsoft Visual Studio/2019/Community/Common7/IDE/CommonExtensions/Microsoft/CMake/Ninja/ninja.exe cmTC_52ba0 && [1/2] Building C object CMakeFiles\cmTC_52ba0.dir\src.c.obj
FAILED: CMakeFiles/cmTC_52ba0.dir/src.c.obj 
C:\PROGRA~2\MICROS~2\2019\COMMUN~1\VC\Tools\MSVC\1429~1.301\bin\Hostx64\x64\cl.exe  /nologo -DHAVE_XINPUT_STATE_EX  /DWIN32 /D_WINDOWS /W3  /MDd /Zi /Ob0 /Od /RTC1 /showIncludes /FoCMakeFiles\cmTC_52ba0.dir\src.c.obj /FdCMakeFiles\cmTC_52ba0.dir\ /FS -c src.c
src.c(4): error C2061: erreur de syntaxe : identificateur 's1'
src.c(4): error C2059: erreur de syntaxe : ';'
ninja: build stopped: subcommand failed.


Source file was:

      #include <windows.h>
      #include <xinput.h>
      XINPUT_STATE_EX s1;
      int main(int argc, char **argv) { }
